<?xml version="1.0" encoding="UTF-8"?>
<testsuite name="dev.whoisyourbias.financial.knowledge.KnowledgeHarnessTest" tests="7" skipped="0" failures="0" errors="0" timestamp="2026-08-28T13:02:00.001Z" hostname="MacBook-Air-2.local" time="0.747">
  <properties/>
  <testcase name="rejectsUnsupportedStatuses()" classname="dev.whoisyourbias.financial.knowledge.KnowledgeHarnessTest" time="0.425"/>
  <testcase name="matchesTheCrossPlatformGoldenChecksum()" classname="dev.whoisyourbias.financial.knowledge.KnowledgeHarnessTest" time="0.135"/>
  <testcase name="exportsIdenticalBytesForEquivalentCrLfAndLfInputs()" classname="dev.whoisyourbias.financial.knowledge.KnowledgeHarnessTest" time="0.118"/>
  <testcase name="keepsOversizedCodeAndTableBlocksIntact()" classname="dev.whoisyourbias.financial.knowledge.KnowledgeHarnessTest" time="0.029"/>
  <testcase name="createsUniqueIdsForSameNamedFilesAndRepeatedHeadings()" classname="dev.whoisyourbias.financial.knowledge.KnowledgeHarnessTest" time="0.013"/>
  <testcase name="rejectsBrokenHeadingAnchors()" classname="dev.whoisyourbias.financial.knowledge.KnowledgeHarnessTest" time="0.009"/>
  <testcase name="rejectsVerifiedDocumentsWithoutSourceOrEvidence()" classname="dev.whoisyourbias.financial.knowledge.KnowledgeHarnessTest" time="0.007"/>
  <system-out><![CDATA[]]></system-out>
  <system-err><![CDATA[]]></system-err>
</testsuite>
