<?xml version="1.0" encoding="UTF-8"?>
<testsuite name="dev.whoisyourbias.financial.LedgerAccountPersistenceIntegrationTest" tests="2" skipped="0" failures="0" errors="0" timestamp="2026-08-28T13:02:11.515Z" hostname="MacBook-Air-2.local" time="3.021">
  <properties/>
  <testcase name="startsBootContextAndAppliesFreshMigration()" classname="dev.whoisyourbias.financial.LedgerAccountPersistenceIntegrationTest" time="0.267"/>
  <testcase name="savesAndReadsAnAccountThroughTheLedgerBoundary()" classname="dev.whoisyourbias.financial.LedgerAccountPersistenceIntegrationTest" time="0.075"/>
  <system-out><![CDATA[13:02:11.562 [Test worker] INFO org.springframework.test.context.support.AnnotationConfigContextLoaderUtils -- Could not detect default configuration classes for test class [dev.whoisyourbias.financial.LedgerAccountPersistenceIntegrationTest]: LedgerAccountPersistenceIntegrationTest does not declare any static, non-private, non-final, nested classes annotated with @Configuration.
13:02:11.601 [Test worker] INFO org.springframework.boot.test.context.SpringBootTestContextBootstrapper -- Found @SpringBootConfiguration dev.whoisyourbias.financial.FinancialApplication for test class dev.whoisyourbias.financial.LedgerAccountPersistenceIntegrationTest
13:02:11.624 [Test worker] INFO org.springframework.test.context.support.AnnotationConfigContextLoaderUtils -- Could not detect default configuration classes for test class [dev.whoisyourbias.financial.LedgerAccountPersistenceIntegrationTest]: LedgerAccountPersistenceIntegrationTest does not declare any static, non-private, non-final, nested classes annotated with @Configuration.
13:02:11.626 [Test worker] INFO org.springframework.boot.test.context.SpringBootTestContextBootstrapper -- Found @SpringBootConfiguration dev.whoisyourbias.financial.FinancialApplication for test class dev.whoisyourbias.financial.LedgerAccountPersistenceIntegrationTest
13:02:11.646 [Test worker] INFO org.testcontainers.images.PullPolicy -- Image pull policy will be performed by: DefaultPullPolicy()
13:02:11.647 [Test worker] INFO org.testcontainers.utility.ImageNameSubstitutor -- Image name substitution will be performed by: DefaultImageNameSubstitutor (composite of 'ConfigurationFileImageNameSubstitutor' and 'PrefixingImageNameSubstitutor')
13:02:11.651 [Test worker] INFO org.testcontainers.DockerClientFactory -- Testcontainers version: 2.0.5
13:02:11.912 [Test worker] INFO org.testcontainers.dockerclient.DockerClientProviderStrategy -- Found Docker environment with Docker accessed via Unix socket (/Users/ddinghwan/.docker/run/docker.sock)
13:02:11.912 [Test worker] INFO org.testcontainers.DockerClientFactory -- Docker host IP address is localhost
13:02:11.923 [Test worker] INFO org.testcontainers.DockerClientFactory -- Connected to docker: 
  Server Version: 28.0.4
  API Version: 1.48
  Operating System: Docker Desktop
  Total Memory: 2913 MB
  Labels: 
    com.docker.desktop.address=unix:///Users/ddinghwan/Library/Containers/com.docker.docker/Data/docker-cli.sock
13:02:12.011 [Test worker] INFO tc.testcontainers/ryuk:0.14.0 -- Creating container for image: testcontainers/ryuk:0.14.0
13:02:12.217 [Test worker] INFO tc.testcontainers/ryuk:0.14.0 -- Container testcontainers/ryuk:0.14.0 is starting: 113709a736b1089757175de529e9faf7cc81c86fdf01274dc426b234e86728ac
13:02:12.414 [Test worker] INFO tc.testcontainers/ryuk:0.14.0 -- Container testcontainers/ryuk:0.14.0 started in PT0.402832S
13:02:12.417 [Test worker] INFO org.testcontainers.utility.RyukResourceReaper -- Ryuk started - will monitor and terminate Testcontainers containers on JVM exit
13:02:12.417 [Test worker] INFO org.testcontainers.DockerClientFactory -- Checking the system...
13:02:12.418 [Test worker] INFO org.testcontainers.DockerClientFactory -- ✔︎ Docker server version should be at least 1.6.0
13:02:12.434 [Test worker] INFO tc.postgres:18.6@sha256:4ef4db... -- Creating container for image: postgres:18.6@sha256:4ef4dbc939d61acea57712655ddb4b4ab27419c913f94cca0cd57cb3ea3c2280
13:02:12.462 [Test worker] INFO tc.postgres:18.6@sha256:4ef4db... -- Container postgres:18.6@sha256:4ef4dbc939d61acea57712655ddb4b4ab27419c913f94cca0cd57cb3ea3c2280 is starting: 1eadd0da99694e3d709c28d0cc616eab18496a66da595c4316cfba972cb5a9f8
13:02:12.907 [Test worker] INFO tc.postgres:18.6@sha256:4ef4db... -- Container postgres:18.6@sha256:4ef4dbc939d61acea57712655ddb4b4ab27419c913f94cca0cd57cb3ea3c2280 started in PT0.472727S
13:02:12.908 [Test worker] INFO tc.postgres:18.6@sha256:4ef4db... -- Container is started (JDBC URL: jdbc:postgresql://localhost:56339/financial?loggerLevel=OFF)

  .   ____          _            __ _ _
 /\\ / ___'_ __ _ _(_)_ __  __ _ \ \ \ \
( ( )\___ | '_ | '_| | '_ \/ _` | \ \ \ \
 \\/  ___)| |_)| | | | | || (_| |  ) ) ) )
  '  |____| .__|_| |_|_| |_\__, | / / / /
 =========|_|==============|___/=/_/_/_/

 :: Spring Boot ::                (v4.1.1)

2026-08-28T13:02:13.041Z  INFO 74076 --- [financial-backend-lab] [    Test worker] .LedgerAccountPersistenceIntegrationTest : Starting LedgerAccountPersistenceIntegrationTest using Java 21.0.11 with PID 74076 (started by ddinghwan in /Users/ddinghwan/Documents/ChatGPT/financial/.worktrees/improve-harness-plan/platform/bootstrap)
2026-08-28T13:02:13.041Z  INFO 74076 --- [financial-backend-lab] [    Test worker] .LedgerAccountPersistenceIntegrationTest : No active profile set, falling back to 1 default profile: "default"
2026-08-28T13:02:13.163Z  INFO 74076 --- [financial-backend-lab] [    Test worker] .s.d.r.c.RepositoryConfigurationDelegate : Bootstrapping Spring Data JPA repositories in DEFAULT mode.
2026-08-28T13:02:13.179Z  INFO 74076 --- [financial-backend-lab] [    Test worker] .s.d.r.c.RepositoryConfigurationDelegate : Finished Spring Data repository scanning in 13 ms. Found 1 JPA repository interface.
2026-08-28T13:02:13.386Z  INFO 74076 --- [financial-backend-lab] [    Test worker] com.zaxxer.hikari.HikariDataSource       : HikariPool-1 - Starting...
2026-08-28T13:02:13.459Z  INFO 74076 --- [financial-backend-lab] [    Test worker] com.zaxxer.hikari.pool.HikariPool        : HikariPool-1 - Added connection org.postgresql.jdbc.PgConnection@2b561f51
2026-08-28T13:02:13.460Z  INFO 74076 --- [financial-backend-lab] [    Test worker] com.zaxxer.hikari.HikariDataSource       : HikariPool-1 - Start completed.
2026-08-28T13:02:13.469Z  INFO 74076 --- [financial-backend-lab] [    Test worker] org.flywaydb.core.FlywayExecutor         : Database: jdbc:postgresql://localhost:56339/financial?loggerLevel=OFF (PostgreSQL 18.6)
2026-08-28T13:02:13.496Z  INFO 74076 --- [financial-backend-lab] [    Test worker] o.f.c.i.s.JdbcTableSchemaHistory         : Schema history table "public"."flyway_schema_history" does not exist yet
2026-08-28T13:02:13.498Z  INFO 74076 --- [financial-backend-lab] [    Test worker] o.f.core.internal.command.DbValidate     : Successfully validated 1 migration (execution time 00:00.007s)
2026-08-28T13:02:13.510Z  INFO 74076 --- [financial-backend-lab] [    Test worker] o.f.c.i.s.JdbcTableSchemaHistory         : Creating Schema History table "public"."flyway_schema_history" ...
2026-08-28T13:02:13.548Z  INFO 74076 --- [financial-backend-lab] [    Test worker] o.f.core.internal.command.DbMigrate      : Current version of schema "public": << Empty Schema >>
2026-08-28T13:02:13.552Z  INFO 74076 --- [financial-backend-lab] [    Test worker] o.f.core.internal.command.DbMigrate      : Migrating schema "public" to version "1 - create ledger account"
2026-08-28T13:02:13.565Z  INFO 74076 --- [financial-backend-lab] [    Test worker] o.f.core.internal.command.DbMigrate      : Successfully applied 1 migration to schema "public", now at version v1 (execution time 00:00.005s)
2026-08-28T13:02:13.608Z  INFO 74076 --- [financial-backend-lab] [    Test worker] org.hibernate.orm.jpa                    : HHH008540: Processing PersistenceUnitInfo [name: default]
2026-08-28T13:02:13.626Z  INFO 74076 --- [financial-backend-lab] [    Test worker] org.hibernate.orm.core                   : HHH000001: Hibernate ORM core version 7.4.5.Final
2026-08-28T13:02:13.751Z  INFO 74076 --- [financial-backend-lab] [    Test worker] o.s.o.j.p.SpringPersistenceUnitInfo      : No LoadTimeWeaver setup: ignoring JPA class transformer
2026-08-28T13:02:13.787Z  INFO 74076 --- [financial-backend-lab] [    Test worker] org.hibernate.orm.connections.pooling    : HHH10001005: Database info:
	Database JDBC URL [jdbc:postgresql://localhost:56339/financial?loggerLevel=OFF]
	Database driver: PostgreSQL JDBC Driver
	Database dialect: PostgreSQLDialect
	Database version: 18.6
	Default catalog/schema: financial/public
	Autocommit mode: undefined/unknown
	Isolation level: READ_COMMITTED [default READ_COMMITTED]
	JDBC fetch size: none
	Pool: DataSourceConnectionProvider
	Minimum pool size: undefined/unknown
	Maximum pool size: undefined/unknown
2026-08-28T13:02:14.064Z  INFO 74076 --- [financial-backend-lab] [    Test worker] org.hibernate.orm.core                   : HHH000489: No JTA platform available (set 'hibernate.transaction.jta.platform' to enable JTA platform integration)
2026-08-28T13:02:14.087Z  INFO 74076 --- [financial-backend-lab] [    Test worker] j.LocalContainerEntityManagerFactoryBean : Initialized JPA EntityManagerFactory for persistence unit 'default'
2026-08-28T13:02:14.114Z  INFO 74076 --- [financial-backend-lab] [    Test worker] o.s.d.j.r.query.QueryEnhancerFactories   : Hibernate is in classpath; If applicable, HQL parser will be used.
2026-08-28T13:02:14.191Z  INFO 74076 --- [financial-backend-lab] [    Test worker] .LedgerAccountPersistenceIntegrationTest : Started LedgerAccountPersistenceIntegrationTest in 1.25 seconds (process running for 3.016)
]]></system-out>
  <system-err><![CDATA[Mockito is currently self-attaching to enable the inline-mock-maker. This will no longer work in future releases of the JDK. Please add Mockito as an agent to your build as described in Mockito's documentation: https://javadoc.io/doc/org.mockito/mockito-core/latest/org.mockito/org/mockito/Mockito.html#0.3
WARNING: A Java agent has been loaded dynamically (/Users/ddinghwan/.gradle/caches/modules-2/files-2.1/net.bytebuddy/byte-buddy-agent/1.18.11/82212e5b3633e7a65fca8bec525762cfb6c9bae4/byte-buddy-agent-1.18.11.jar)
WARNING: If a serviceability tool is in use, please run with -XX:+EnableDynamicAgentLoading to hide this warning
WARNING: If a serviceability tool is not in use, please run with -Djdk.instrument.traceUsage for more information
WARNING: Dynamic loading of agents will be disallowed by default in a future release
]]></system-err>
</testsuite>
