<?xml version="1.0" encoding="UTF-8"?>
<testsuite name="dev.whoisyourbias.financial.harness.ModuleBoundaryFunctionalTest" tests="2" skipped="0" failures="0" errors="0" timestamp="2026-08-28T13:01:58.996Z" hostname="MacBook-Air-2.local" time="11.206">
  <properties/>
  <testcase name="rejectsDirectAccessToLedgerPersistenceTypes()" classname="dev.whoisyourbias.financial.harness.ModuleBoundaryFunctionalTest" time="4.197"/>
  <testcase name="rejectsAReverseProjectDependency()" classname="dev.whoisyourbias.financial.harness.ModuleBoundaryFunctionalTest" time="7.004"/>
  <system-out><![CDATA[]]></system-out>
  <system-err><![CDATA[]]></system-err>
</testsuite>
